<?xml version="1.0" encoding="UTF-8"?>
<!-- Generated by org.testng.reporters.JUnitReportReporter -->
<testsuite hostname="LAPTOP-D4P9EBFO" failures="0" tests="1" name="testngPack.BasicsVersion1" time="0.008" errors="0" timestamp="2024-07-28T15:36:33 GST" skipped="0">
  <testcase classname="testngPack.BasicsVersion1" name="projectDemo" time="0.008"/>
  <system-out/>
</testsuite> <!-- testngPack.BasicsVersion1 -->
